-------------------------------------------------------------------------------
Test set: com.github.dann41.AppTest
-------------------------------------------------------------------------------
Tests run: 1, Failures: 1, Errors: 0, Skipped: 0, Time elapsed: 0.026 s <<< FAILURE! - in com.github.dann41.AppTest
testApp  Time elapsed: 0.023 s  <<< FAILURE!
org.opentest4j.AssertionFailedError: expected: <true> but was: <false>
	at com.github.dann41.AppTest.testApp(AppTest.java:13)

